# JRE version: Java(TM) SE Runtime Environment (8.0_65-b17) (build 1.8.0_65-b17)
# Java VM: Java HotSpot(TM) 64-Bit Server VM (25.65-b01 mixed mode windows-amd64 compressed oops)
Heap:
 PSYoungGen      total 297472K, used 91522K [0x000000076b180000, 0x0000000783b00000, 0x00000007c0000000)
  eden space 274944K, 33% used [0x000000076b180000,0x0000000770ae0aa0,0x000000077be00000)
  from space 22528K, 0% used [0x000000077be00000,0x000000077be00000,0x000000077d400000)
  to   space 26624K, 0% used [0x0000000782100000,0x0000000782100000,0x0000000783b00000)
 ParOldGen       total 237568K, used 44343K [0x00000006c1400000, 0x00000006cfc00000, 0x000000076b180000)
  object space 237568K, 18% used [0x00000006c1400000,0x00000006c3f4df40,0x00000006cfc00000)
 Metaspace       used 62565K, capacity 63090K, committed 63616K, reserved 1105920K
  class space    used 7578K, capacity 7737K, committed 7808K, reserved 1048576K
GC Heap History (10 events):
Event: 6.747 GC heap before
{Heap before GC invocations=10 (full 2):
 PSYoungGen      total 170496K, used 155648K [0x000000076b180000, 0x000000077ba00000, 0x00000007c0000000)
  eden space 155648K, 100% used [0x000000076b180000,0x0000000774980000,0x0000000774980000)
  from space 14848K, 0% used [0x0000000774980000,0x0000000774980000,0x0000000775800000)
  to   space 19456K, 0% used [0x000000077a700000,0x000000077a700000,0x000000077ba00000)
 ParOldGen       total 164352K, used 23627K [0x00000006c1400000, 0x00000006cb480000, 0x000000076b180000)
  object space 164352K, 14% used [0x00000006c1400000,0x00000006c2b12d20,0x00000006cb480000)
 Metaspace       used 41195K, capacity 41624K, committed 41984K, reserved 1085440K
  class space    used 5007K, capacity 5105K, committed 5120K, reserved 1048576K
Event: 6.753 GC heap after
Heap after GC invocations=10 (full 2):
 PSYoungGen      total 232448K, used 8841K [0x000000076b180000, 0x000000077b000000, 0x00000007c0000000)
  eden space 223232K, 0% used [0x000000076b180000,0x000000076b180000,0x0000000778b80000)
  from space 9216K, 95% used [0x000000077a700000,0x000000077afa2620,0x000000077b000000)
  to   space 18432K, 0% used [0x0000000778c00000,0x0000000778c00000,0x0000000779e00000)
 ParOldGen       total 164352K, used 23635K [0x00000006c1400000, 0x00000006cb480000, 0x000000076b180000)
  object space 164352K, 14% used [0x00000006c1400000,0x00000006c2b14d20,0x00000006cb480000)
 Metaspace       used 41195K, capacity 41624K, committed 41984K, reserved 1085440K
  class space    used 5007K, capacity 5105K, committed 5120K, reserved 1048576K
}
Event: 8.033 GC heap before
{Heap before GC invocations=11 (full 2):
 PSYoungGen      total 232448K, used 232073K [0x000000076b180000, 0x000000077b000000, 0x00000007c0000000)
  eden space 223232K, 100% used [0x000000076b180000,0x0000000778b80000,0x0000000778b80000)
  from space 9216K, 95% used [0x000000077a700000,0x000000077afa2620,0x000000077b000000)
  to   space 18432K, 0% used [0x0000000778c00000,0x0000000778c00000,0x0000000779e00000)
 ParOldGen       total 164352K, used 23635K [0x00000006c1400000, 0x00000006cb480000, 0x000000076b180000)
  object space 164352K, 14% used [0x00000006c1400000,0x00000006c2b14d20,0x00000006cb480000)
 Metaspace       used 50463K, capacity 50878K, committed 51328K, reserved 1093632K
  class space    used 6041K, capacity 6148K, committed 6272K, reserved 1048576K
Event: 8.042 GC heap after
Heap after GC invocations=11 (full 2):
 PSYoungGen      total 242176K, used 15022K [0x000000076b180000, 0x000000077e700000, 0x00000007c0000000)
  eden space 223744K, 0% used [0x000000076b180000,0x000000076b180000,0x0000000778c00000)
  from space 18432K, 81% used [0x0000000778c00000,0x0000000779aabb50,0x0000000779e00000)
  to   space 19456K, 0% used [0x000000077d400000,0x000000077d400000,0x000000077e700000)
 ParOldGen       total 164352K, used 23643K [0x00000006c1400000, 0x00000006cb480000, 0x000000076b180000)
  object space 164352K, 14% used [0x00000006c1400000,0x00000006c2b16d20,0x00000006cb480000)
 Metaspace       used 50463K, capacity 50878K, committed 51328K, reserved 1093632K
  class space    used 6041K, capacity 6148K, committed 6272K, reserved 1048576K
}
Event: 9.458 GC heap before
{Heap before GC invocations=12 (full 2):
 PSYoungGen      total 242176K, used 238766K [0x000000076b180000, 0x000000077e700000, 0x00000007c0000000)
  eden space 223744K, 100% used [0x000000076b180000,0x0000000778c00000,0x0000000778c00000)
  from space 18432K, 81% used [0x0000000778c00000,0x0000000779aabb50,0x0000000779e00000)
  to   space 19456K, 0% used [0x000000077d400000,0x000000077d400000,0x000000077e700000)
 ParOldGen       total 164352K, used 23643K [0x00000006c1400000, 0x00000006cb480000, 0x000000076b180000)
  object space 164352K, 14% used [0x00000006c1400000,0x00000006c2b16d20,0x00000006cb480000)
 Metaspace       used 53530K, capacity 54040K, committed 54528K, reserved 1097728K
  class space    used 6426K, capacity 6547K, committed 6656K, reserved 1048576K
Event: 9.477 GC heap after
Heap after GC invocations=12 (full 2):
 PSYoungGen      total 294400K, used 19448K [0x000000076b180000, 0x000000077ef00000, 0x00000007c0000000)
  eden space 274944K, 0% used [0x000000076b180000,0x000000076b180000,0x000000077be00000)
  from space 19456K, 99% used [0x000000077d400000,0x000000077e6fe058,0x000000077e700000)
  to   space 22528K, 0% used [0x000000077be00000,0x000000077be00000,0x000000077d400000)
 ParOldGen       total 164352K, used 25238K [0x00000006c1400000, 0x00000006cb480000, 0x000000076b180000)
  object space 164352K, 15% used [0x00000006c1400000,0x00000006c2ca5a50,0x00000006cb480000)
 Metaspace       used 53530K, capacity 54040K, committed 54528K, reserved 1097728K
  class space    used 6426K, capacity 6547K, committed 6656K, reserved 1048576K
}
Event: 10.264 GC heap before
{Heap before GC invocations=13 (full 2):
 PSYoungGen      total 294400K, used 116283K [0x000000076b180000, 0x000000077ef00000, 0x00000007c0000000)
  eden space 274944K, 35% used [0x000000076b180000,0x0000000771010e08,0x000000077be00000)
  from space 19456K, 99% used [0x000000077d400000,0x000000077e6fe058,0x000000077e700000)
  to   space 22528K, 0% used [0x000000077be00000,0x000000077be00000,0x000000077d400000)
 ParOldGen       total 164352K, used 25238K [0x00000006c1400000, 0x00000006cb480000, 0x000000076b180000)
  object space 164352K, 15% used [0x00000006c1400000,0x00000006c2ca5a50,0x00000006cb480000)
 Metaspace       used 58143K, capacity 58590K, committed 59096K, reserved 1101824K
  class space    used 7069K, capacity 7201K, committed 7296K, reserved 1048576K
Event: 10.279 GC heap after
Heap after GC invocations=13 (full 2):
 PSYoungGen      total 297472K, used 22509K [0x000000076b180000, 0x0000000783b00000, 0x00000007c0000000)
  eden space 274944K, 0% used [0x000000076b180000,0x000000076b180000,0x000000077be00000)
  from space 22528K, 99% used [0x000000077be00000,0x000000077d3fb5b8,0x000000077d400000)
  to   space 26624K, 0% used [0x0000000782100000,0x0000000782100000,0x0000000783b00000)
 ParOldGen       total 164352K, used 27380K [0x00000006c1400000, 0x00000006cb480000, 0x000000076b180000)
  object space 164352K, 16% used [0x00000006c1400000,0x00000006c2ebd248,0x00000006cb480000)
 Metaspace       used 58143K, capacity 58590K, committed 59096K, reserved 1101824K
  class space    used 7069K, capacity 7201K, committed 7296K, reserved 1048576K
}
Event: 10.279 GC heap before
{Heap before GC invocations=14 (full 3):
 PSYoungGen      total 297472K, used 22509K [0x000000076b180000, 0x0000000783b00000, 0x00000007c0000000)
  eden space 274944K, 0% used [0x000000076b180000,0x000000076b180000,0x000000077be00000)
  from space 22528K, 99% used [0x000000077be00000,0x000000077d3fb5b8,0x000000077d400000)
  to   space 26624K, 0% used [0x0000000782100000,0x0000000782100000,0x0000000783b00000)
 ParOldGen       total 164352K, used 27380K [0x00000006c1400000, 0x00000006cb480000, 0x000000076b180000)
  object space 164352K, 16% used [0x00000006c1400000,0x00000006c2ebd248,0x00000006cb480000)
 Metaspace       used 58143K, capacity 58590K, committed 59096K, reserved 1101824K
  class space    used 7069K, capacity 7201K, committed 7296K, reserved 1048576K
Event: 10.435 GC heap after
Heap after GC invocations=14 (full 3):
 PSYoungGen      total 297472K, used 0K [0x000000076b180000, 0x0000000783b00000, 0x00000007c0000000)
  eden space 274944K, 0% used [0x000000076b180000,0x000000076b180000,0x000000077be00000)
  from space 22528K, 0% used [0x000000077be00000,0x000000077be00000,0x000000077d400000)
  to   space 26624K, 0% used [0x0000000782100000,0x0000000782100000,0x0000000783b00000)
 ParOldGen       total 237568K, used 44343K [0x00000006c1400000, 0x00000006cfc00000, 0x000000076b180000)
  object space 237568K, 18% used [0x00000006c1400000,0x00000006c3f4df40,0x00000006cfc00000)
 Metaspace       used 58143K, capacity 58590K, committed 59096K, reserved 1101824K
  class space    used 7069K, capacity 7201K, committed 7296K, reserved 1048576K
}

